c:\users\jose\desktop\proyecto2\p2_tpv\globos_tpv\debug\vc140.pdb
c:\users\jose\desktop\proyecto2\p2_tpv\globos_tpv\debug\vc140.idb
c:\users\jose\desktop\proyecto2\p2_tpv\globos_tpv\debug\globospg.obj
c:\users\jose\desktop\proyecto2\p2_tpv\globos_tpv\debug\juegopg.obj
c:\users\jose\desktop\proyecto2\p2_tpv\globos_tpv\debug\mainp1.obj
c:\users\jose\desktop\proyecto2\p2_tpv\globos_tpv\debug\mariposa.obj
c:\users\jose\desktop\proyecto2\p2_tpv\globos_tpv\debug\objetopg.obj
c:\users\jose\desktop\proyecto2\p2_tpv\globos_tpv\debug\premio.obj
c:\users\jose\desktop\proyecto2\p2_tpv\globos_tpv\debug\texturassdl.obj
c:\users\jose\desktop\proyecto2\p2_tpv\globos_tpv\debug\globos_tpv.res
c:\users\jose\desktop\proyecto2\p2_tpv\bin\globos_tpvdebug.pdb
c:\users\jose\desktop\proyecto2\p2_tpv\globos_tpv\debug\globos_tpv.tlog\cl.command.1.tlog
c:\users\jose\desktop\proyecto2\p2_tpv\globos_tpv\debug\globos_tpv.tlog\cl.read.1.tlog
c:\users\jose\desktop\proyecto2\p2_tpv\globos_tpv\debug\globos_tpv.tlog\cl.write.1.tlog
c:\users\jose\desktop\proyecto2\p2_tpv\globos_tpv\debug\globos_tpv.tlog\link-cvtres.read.1.tlog
c:\users\jose\desktop\proyecto2\p2_tpv\globos_tpv\debug\globos_tpv.tlog\link-cvtres.write.1.tlog
c:\users\jose\desktop\proyecto2\p2_tpv\globos_tpv\debug\globos_tpv.tlog\link-rc.read.1.tlog
c:\users\jose\desktop\proyecto2\p2_tpv\globos_tpv\debug\globos_tpv.tlog\link-rc.write.1.tlog
c:\users\jose\desktop\proyecto2\p2_tpv\globos_tpv\debug\globos_tpv.tlog\link.command.1.tlog
c:\users\jose\desktop\proyecto2\p2_tpv\globos_tpv\debug\globos_tpv.tlog\link.read.1.tlog
c:\users\jose\desktop\proyecto2\p2_tpv\globos_tpv\debug\globos_tpv.tlog\link.write.1.tlog
c:\users\jose\desktop\proyecto2\p2_tpv\globos_tpv\debug\globos_tpv.tlog\rc.command.1.tlog
c:\users\jose\desktop\proyecto2\p2_tpv\globos_tpv\debug\globos_tpv.tlog\rc.read.1.tlog
c:\users\jose\desktop\proyecto2\p2_tpv\globos_tpv\debug\globos_tpv.tlog\rc.write.1.tlog
